<?xml version="1.0" encoding="utf-8"?><testsuites name="pytest tests"><testsuite name="pytest" errors="0" failures="2" skipped="0" tests="14" time="115.178" timestamp="2026-08-24T23:17:11.699160+00:00" hostname="agent-env-46854c58-390e-4e6b-8660-9f3adc8d5d33"><testcase classname="tests.test_iteration3_features.TestPrinterStatus" name="test_status_no_connection_returns_ok_false" time="0.406" /><testcase classname="tests.test_iteration3_features.TestSlicePresets" name="test_defaults_seeded" time="0.229" /><testcase classname="tests.test_iteration3_features.TestSlicePresets" name="test_defaults_sorted_first" time="0.051" /><testcase classname="tests.test_iteration3_features.TestSlicePresets" name="test_create_custom_preset" time="0.203" /><testcase classname="tests.test_iteration3_features.TestPrinterStatus" name="test_status_unknown_printer_returns_404" time="0.110" /><testcase classname="tests.test_iteration3_features.TestSlicePresets" name="test_delete_default_forbidden" time="0.103" /><testcase classname="tests.test_iteration3_features.TestPrinterStatus" name="test_status_unreachable_moonraker_ok_false" time="75.256"><failure message="requests.exceptions.ReadTimeout: HTTPSConnectionPool(host='slicer-profile-suite.preview.emergentagent.com', port=443): Read timed out. (read timeout=15)">/root/.venv/lib/python3.11/site-packages/urllib3/connectionpool.py:534: in _make_request
    response = conn.getresponse()
               ^^^^^^^^^^^^^^^^^^
/root/.venv/lib/python3.11/site-packages/urllib3/connection.py:571: in getresponse
    httplib_response = super().getresponse()
                       ^^^^^^^^^^^^^^^^^^^^^
/usr/local/lib/python3.11/http/client.py:1443: in getresponse
    response.begin()
/usr/local/lib/python3.11/http/client.py:337: in begin
    version, status, reason = self._read_status()
                              ^^^^^^^^^^^^^^^^^^^
/usr/local/lib/python3.11/http/client.py:298: in _read_status
    line = str(self.fp.readline(_MAXLINE + 1), "iso-8859-1")
               ^^^^^^^^^^^^^^^^^^^^^^^^^^^^^^
/usr/local/lib/python3.11/socket.py:718: in readinto
    return self._sock.recv_into(b)
           ^^^^^^^^^^^^^^^^^^^^^^^
/usr/local/lib/python3.11/ssl.py:1314: in recv_into
    return self.read(nbytes, buffer)
           ^^^^^^^^^^^^^^^^^^^^^^^^^
/usr/local/lib/python3.11/ssl.py:1166: in read
    return self._sslobj.read(len, buffer)
           ^^^^^^^^^^^^^^^^^^^^^^^^^^^^^^
E   TimeoutError: The read operation timed out

The above exception was the direct cause of the following exception:
/root/.venv/lib/python3.11/site-packages/requests/adapters.py:696: in send
    resp = conn.urlopen(
/root/.venv/lib/python3.11/site-packages/urllib3/connectionpool.py:842: in urlopen
    retries = retries.increment(
/root/.venv/lib/python3.11/site-packages/urllib3/util/retry.py:498: in increment
    raise reraise(type(error), error, _stacktrace)
          ^^^^^^^^^^^^^^^^^^^^^^^^^^^^^^^^^^^^^^^^
/root/.venv/lib/python3.11/site-packages/urllib3/util/util.py:39: in reraise
    raise value
/root/.venv/lib/python3.11/site-packages/urllib3/connectionpool.py:788: in urlopen
    response = self._make_request(
/root/.venv/lib/python3.11/site-packages/urllib3/connectionpool.py:536: in _make_request
    self._raise_timeout(err=e, url=url, timeout_value=read_timeout)
/root/.venv/lib/python3.11/site-packages/urllib3/connectionpool.py:367: in _raise_timeout
    raise ReadTimeoutError(
E   urllib3.exceptions.ReadTimeoutError: HTTPSConnectionPool(host='slicer-profile-suite.preview.emergentagent.com', port=443): Read timed out. (read timeout=15)

During handling of the above exception, another exception occurred:
backend/tests/test_iteration3_features.py:188: in test_status_unreachable_moonraker_ok_false
    r = s.get(f"{API}/printers/{pid}/status", timeout=15)
        ^^^^^^^^^^^^^^^^^^^^^^^^^^^^^^^^^^^^^^^^^^^^^^^^^
/root/.venv/lib/python3.11/site-packages/requests/sessions.py:671: in get
    return self.request("GET", url, params=params, **kwargs)
           ^^^^^^^^^^^^^^^^^^^^^^^^^^^^^^^^^^^^^^^^^^^^^^^^^
/root/.venv/lib/python3.11/site-packages/requests/sessions.py:651: in request
    resp = self.send(prep, **send_kwargs)
           ^^^^^^^^^^^^^^^^^^^^^^^^^^^^^^
/root/.venv/lib/python3.11/site-packages/requests/sessions.py:784: in send
    r = adapter.send(request, **kwargs)
        ^^^^^^^^^^^^^^^^^^^^^^^^^^^^^^^
/root/.venv/lib/python3.11/site-packages/requests/adapters.py:742: in send
    raise ReadTimeout(e, request=request)
E   requests.exceptions.ReadTimeout: HTTPSConnectionPool(host='slicer-profile-suite.preview.emergentagent.com', port=443): Read timed out. (read timeout=15)</failure></testcase><testcase classname="tests.test_iteration3_features.TestSlicePresets" name="test_delete_unknown_returns_404" time="0.056" /><testcase classname="tests.test_iteration3_features.TestFilamentUsage" name="test_defaults_have_grams_used_field" time="0.044" /><testcase classname="tests.test_iteration3_features.TestFilamentUsage" name="test_usage_increments_and_persists" time="0.333" /><testcase classname="tests.test_iteration3_features.TestFilamentUsage" name="test_usage_bad_id_returns_404" time="0.052" /><testcase classname="tests.test_iteration3_features.TestSliceCostRegression" name="test_slice_with_filament_returns_cost" time="60.141"><failure message="assert 502 == 200&#10; +  where 502 = &lt;Response [502]&gt;.status_code">backend/tests/test_iteration3_features.py:267: in test_slice_with_filament_returns_cost
    assert r.status_code == 200
E   assert 502 == 200
E    +  where 502 = &lt;Response [502]&gt;.status_code</failure></testcase><testcase classname="tests.test_iteration3_features.TestPrinterStatus" name="test_status_unreachable_octoprint_ok_false" time="8.578" /><testcase classname="tests.test_iteration3_features.TestPrintJobUsage" name="test_unreachable_printer_does_not_increment_usage" time="30.391" /></testsuite></testsuites>