<?xml version="1.0" encoding="utf-8"?><testsuites name="pytest tests"><testsuite name="pytest" errors="0" failures="0" skipped="0" tests="21" time="41.375" timestamp="2026-08-24T22:24:22.868150+00:00" hostname="agent-env-46854c58-390e-4e6b-8660-9f3adc8d5d33"><testcase classname="tests.test_new_features.TestConnectionMoonraker" name="test_moonraker_unreachable_returns_ok_false" time="8.324" /><testcase classname="tests.test_slicer_api.TestModels" name="test_upload" time="0.433" /><testcase classname="tests.test_slicer_api.TestModels" name="test_download_file" time="0.214" /><testcase classname="tests.test_slicer_api.TestModels" name="test_transform_update" time="0.095" /><testcase classname="tests.test_new_features.TestFilamentPricing" name="test_defaults_have_pricing" time="0.188" /><testcase classname="tests.test_new_features.TestFilamentPricing" name="test_create_patch_delete_with_pricing" time="0.403" /><testcase classname="tests.test_new_features.TestSliceCost" name="test_slice_without_filament_returns_null_cost" time="0.300" /><testcase classname="tests.test_new_features.TestSliceCost" name="test_slice_with_filament_returns_cost" time="0.269" /><testcase classname="tests.test_slicer_api.TestSeeds" name="test_printers_seeded" time="0.048" /><testcase classname="tests.test_slicer_api.TestSeeds" name="test_filaments_seeded" time="0.048" /><testcase classname="tests.test_slicer_api.TestPrintersCRUD" name="test_full_crud" time="0.154" /><testcase classname="tests.test_slicer_api.TestPrintersCRUD" name="test_delete_default_forbidden" time="0.105" /><testcase classname="tests.test_slicer_api.TestFilamentsCRUD" name="test_full_crud" time="0.177" /><testcase classname="tests.test_slicer_api.TestFilamentsCRUD" name="test_delete_default_forbidden" time="0.098" /><testcase classname="tests.test_slicer_api.TestPrinterConn" name="test_discover" time="0.049" /><testcase classname="tests.test_slicer_api.TestPrinterConn" name="test_test_connection_fake_host" time="8.059" /><testcase classname="tests.test_new_features.TestConnectionMoonraker" name="test_octoprint_unreachable_returns_ok_false" time="8.075" /><testcase classname="tests.test_new_features.TestMoonrakerPrinter" name="test_create_moonraker_printer_and_print" time="30.336" /><testcase classname="tests.test_new_features.TestConnectionMoonraker" name="test_defaults_no_type_no_key" time="8.075" /><testcase classname="tests.test_slicer_api.TestSlicing" name="test_slice" time="0.710" /><testcase classname="tests.test_slicer_api.TestHealth" name="test_root" time="0.053" /></testsuite></testsuites>